<?xml version="1.0" encoding="UTF-8"?>
<!-- Generated by org.testng.reporters.JUnitReportReporter -->
<testsuite hostname="SEZLAP-13554T" failures="0" tests="1" name="testScripts.SecondTest" time="43.453" errors="0" timestamp="2024-02-28T12:17:17 IST" skipped="0">
  <testcase classname="testScripts.SecondTest" name="test01" time="43.453"/>
  <system-out/>
</testsuite> <!-- testScripts.SecondTest -->
