<?xml version="1.0" encoding="UTF-8"?>
<!-- Generated by org.testng.reporters.JUnitReportReporter -->
<testsuite hostname="SEZLAP-13554T" failures="0" tests="1" name="testScripts.DropDown" time="44.378" errors="0" timestamp="2024-03-01T19:19:07 IST" skipped="0">
  <testcase classname="testScripts.DropDown" name="test01" time="44.378"/>
  <system-out/>
</testsuite> <!-- testScripts.DropDown -->
