<?xml version="1.0" encoding="UTF-8"?>
<!-- Generated by org.testng.reporters.JUnitReportReporter -->
<testsuite hostname="SEZLAP-13554T" failures="0" tests="2" name="testScripts.FirstTest" time="21.211" errors="0" timestamp="2024-02-28T10:48:18 IST" skipped="0">
  <testcase classname="testScripts.FirstTest" name="TC01_LaunchApp" time="10.579"/>
  <system-out/>
  <testcase classname="testScripts.FirstTest" name="TC02" time="10.632"/>
  <system-out/>
</testsuite> <!-- testScripts.FirstTest -->
