<?xml version="1.0" encoding="UTF-8"?>
<!-- Generated by org.testng.reporters.JUnitReportReporter -->
<testsuite hostname="SEZLAP-13554T" failures="0" tests="1" name="testScripts.FirstTest" time="14.146" errors="0" timestamp="2024-02-27T18:13:18 IST" skipped="0">
  <testcase classname="testScripts.FirstTest" name="TC01_LaunchApp" time="14.146"/>
  <system-out/>
</testsuite> <!-- testScripts.FirstTest -->
