<?xml version="1.0" encoding="UTF-8"?>
<!-- Generated by org.testng.reporters.JUnitReportReporter -->
<testsuite hostname="SEZLAP-13554T" failures="0" tests="1" name="testScripts.DropDown" time="45.578" errors="0" timestamp="2024-02-28T13:02:31 IST" skipped="0">
  <testcase classname="testScripts.DropDown" name="test01" time="45.578"/>
  <system-out/>
</testsuite> <!-- testScripts.DropDown -->
